This is pdfTeX, Version 3.14159265-2.6-1.40.16 (TeX Live 2015) (preloaded format=pdflatex 2015.5.24)  4 FEB 2016 08:28
entering extended mode
 restricted \write18 enabled.
 file:line:error style messages enabled.
 %&-line parsing enabled.
**yi_main.tex
(./yi_main.tex
LaTeX2e <2015/01/01>
Babel <3.9l> and hyphenation patterns for 79 languages loaded.
(./uconnthesis.cls
Document Class: uconnthesis 2002/01/09 v1.1 Standard LaTeX document class for t
he graduate students of UCONN.
\hours=\count79
\minutes=\count80
\WidestRefLabelThusFar=\dimen102
(/usr/local/texlive/2015/texmf-dist/tex/latex/base/bk12.clo
File: bk12.clo 2014/09/29 v1.4h Standard LaTeX file (size option)
)
\c@part=\count81
\c@chapter=\count82
\c@section=\count83
\c@subsection=\count84
\c@subsubsection=\count85
\c@paragraph=\count86
\c@subparagraph=\count87
\beforechaptervspace=\skip41
\afterchaptervspace=\skip42
\exampleindent=\skip43
\c@figure=\count88
\c@table=\count89
\abovecaptionskip=\skip44
\belowcaptionskip=\skip45
\bibindent=\dimen103
)
(/usr/local/texlive/2015/texmf-dist/tex/latex/graphics/graphicx.sty
Package: graphicx 2014/10/28 v1.0g Enhanced LaTeX Graphics (DPC,SPQR)

(/usr/local/texlive/2015/texmf-dist/tex/latex/graphics/keyval.sty
Package: keyval 2014/10/28 v1.15 key=value parser (DPC)
\KV@toks@=\toks14
)
(/usr/local/texlive/2015/texmf-dist/tex/latex/graphics/graphics.sty
Package: graphics 2014/10/28 v1.0p Standard LaTeX Graphics (DPC,SPQR)

(/usr/local/texlive/2015/texmf-dist/tex/latex/graphics/trig.sty
Package: trig 1999/03/16 v1.09 sin cos tan (DPC)
)
(/usr/local/texlive/2015/texmf-dist/tex/latex/latexconfig/graphics.cfg
File: graphics.cfg 2010/04/23 v1.9 graphics configuration of TeX Live
)
Package graphics Info: Driver file: pdftex.def on input line 94.

(/usr/local/texlive/2015/texmf-dist/tex/latex/pdftex-def/pdftex.def
File: pdftex.def 2011/05/27 v0.06d Graphics/color for pdfTeX

(/usr/local/texlive/2015/texmf-dist/tex/generic/oberdiek/infwarerr.sty
Package: infwarerr 2010/04/08 v1.3 Providing info/warning/error messages (HO)
)
(/usr/local/texlive/2015/texmf-dist/tex/generic/oberdiek/ltxcmds.sty
Package: ltxcmds 2011/11/09 v1.22 LaTeX kernel commands for general use (HO)
)
\Gread@gobject=\count90
))
\Gin@req@height=\dimen104
\Gin@req@width=\dimen105
)
(/usr/local/texlive/2015/texmf-dist/tex/latex/subeqnarray/subeqnarray.sty
Package: subeqnarray 2004/04/15 v2.1c subeqnarray package
\c@subequation=\count91
)
(/usr/local/texlive/2015/texmf-dist/tex/latex/cases/cases.sty
Package: cases 2002/05/02 ver 2.5 
)
(/usr/local/texlive/2015/texmf-dist/tex/latex/tools/bm.sty
Package: bm 2014/10/28 v1.1c Bold Symbol Support (DPC/FMi)
\symboldoperators=\mathgroup4
\symboldletters=\mathgroup5
\symboldsymbols=\mathgroup6
LaTeX Font Info:    Redeclaring math alphabet \mathbf on input line 141.
LaTeX Info: Redefining \bm on input line 207.
)
(/usr/local/texlive/2015/texmf-dist/tex/latex/amsfonts/amssymb.sty
Package: amssymb 2013/01/14 v3.01 AMS font symbols

(/usr/local/texlive/2015/texmf-dist/tex/latex/amsfonts/amsfonts.sty
Package: amsfonts 2013/01/14 v3.01 Basic AMSFonts support
\@emptytoks=\toks15
\symAMSa=\mathgroup7
\symAMSb=\mathgroup8
LaTeX Font Info:    Overwriting math alphabet `\mathfrak' in version `bold'
(Font)                  U/euf/m/n --> U/euf/b/n on input line 106.
))
(/usr/local/texlive/2015/texmf-dist/tex/latex/oberdiek/epstopdf.sty
Package: epstopdf 2010/02/09 v2.5 Conversion with epstopdf on the fly (HO)

(/usr/local/texlive/2015/texmf-dist/tex/latex/oberdiek/epstopdf-base.sty
Package: epstopdf-base 2010/02/09 v2.5 Base part for package epstopdf

(/usr/local/texlive/2015/texmf-dist/tex/latex/oberdiek/grfext.sty
Package: grfext 2010/08/19 v1.1 Manage graphics extensions (HO)

(/usr/local/texlive/2015/texmf-dist/tex/generic/oberdiek/kvdefinekeys.sty
Package: kvdefinekeys 2011/04/07 v1.3 Define keys (HO)
))
(/usr/local/texlive/2015/texmf-dist/tex/latex/oberdiek/kvoptions.sty
Package: kvoptions 2011/06/30 v3.11 Key value format for package options (HO)

(/usr/local/texlive/2015/texmf-dist/tex/generic/oberdiek/kvsetkeys.sty
Package: kvsetkeys 2012/04/25 v1.16 Key value parser (HO)

(/usr/local/texlive/2015/texmf-dist/tex/generic/oberdiek/etexcmds.sty
Package: etexcmds 2011/02/16 v1.5 Avoid name clashes with e-TeX commands (HO)

(/usr/local/texlive/2015/texmf-dist/tex/generic/oberdiek/ifluatex.sty
Package: ifluatex 2010/03/01 v1.3 Provides the ifluatex switch (HO)
Package ifluatex Info: LuaTeX not detected.
)
Package etexcmds Info: Could not find \expanded.
(etexcmds)             That can mean that you are not using pdfTeX 1.50 or
(etexcmds)             that some package has redefined \expanded.
(etexcmds)             In the latter case, load this package earlier.
)))
(/usr/local/texlive/2015/texmf-dist/tex/generic/oberdiek/pdftexcmds.sty
Package: pdftexcmds 2011/11/29 v0.20 Utility functions of pdfTeX for LuaTeX (HO
)

(/usr/local/texlive/2015/texmf-dist/tex/generic/oberdiek/ifpdf.sty
Package: ifpdf 2011/01/30 v2.3 Provides the ifpdf switch (HO)
Package ifpdf Info: pdfTeX in PDF mode is detected.
)
Package pdftexcmds Info: LuaTeX not detected.
Package pdftexcmds Info: \pdf@primitive is available.
Package pdftexcmds Info: \pdf@ifprimitive is available.
Package pdftexcmds Info: \pdfdraftmode found.
)
Package grfext Info: Graphics extension search list:
(grfext)             [.png,.pdf,.jpg,.mps,.jpeg,.jbig2,.jb2,.PNG,.PDF,.JPG,.JPE
G,.JBIG2,.JB2,.eps]
(grfext)             \AppendGraphicsExtensions on input line 452.

(/usr/local/texlive/2015/texmf-dist/tex/latex/latexconfig/epstopdf-sys.cfg
File: epstopdf-sys.cfg 2010/07/13 v1.3 Configuration of (r)epstopdf for TeX Liv
e
)))
(./yi_main.aux)
\openout1 = `yi_main.aux'.

LaTeX Font Info:    Checking defaults for OML/cmm/m/it on input line 50.
LaTeX Font Info:    ... okay on input line 50.
LaTeX Font Info:    Checking defaults for T1/cmr/m/n on input line 50.
LaTeX Font Info:    ... okay on input line 50.
LaTeX Font Info:    Checking defaults for OT1/cmr/m/n on input line 50.
LaTeX Font Info:    ... okay on input line 50.
LaTeX Font Info:    Checking defaults for OMS/cmsy/m/n on input line 50.
LaTeX Font Info:    ... okay on input line 50.
LaTeX Font Info:    Checking defaults for OMX/cmex/m/n on input line 50.
LaTeX Font Info:    ... okay on input line 50.
LaTeX Font Info:    Checking defaults for U/cmr/m/n on input line 50.
LaTeX Font Info:    ... okay on input line 50.

(/usr/local/texlive/2015/texmf-dist/tex/context/base/supp-pdf.mkii
[Loading MPS to PDF converter (version 2006.09.02).]
\scratchcounter=\count92
\scratchdimen=\dimen106
\scratchbox=\box26
\nofMPsegments=\count93
\nofMParguments=\count94
\everyMPshowfont=\toks16
\MPscratchCnt=\count95
\MPscratchDim=\dimen107
\MPnumerator=\count96
\makeMPintoPDFobject=\count97
\everyMPtoPDFconversion=\toks17
)
LaTeX Font Info:    Try loading font information for U+msa on input line 77.
 (/usr/local/texlive/2015/texmf-dist/tex/latex/amsfonts/umsa.fd
File: umsa.fd 2013/01/14 v3.01 AMS symbols A
)
LaTeX Font Info:    Try loading font information for U+msb on input line 77.

(/usr/local/texlive/2015/texmf-dist/tex/latex/amsfonts/umsb.fd
File: umsb.fd 2013/01/14 v3.01 AMS symbols B
) [1

{/usr/local/texlive/2015/texmf-var/fonts/map/pdftex/updmap/pdftex.map}] [2] [3]
 [2] [3]
[4] (./yi_main.toc [5])
\tf@toc=\write3
\openout3 = `yi_main.toc'.

 [6] (./yi_main.lof [7] [8])
\tf@lof=\write4
\openout4 = `yi_main.lof'.

 [9] (./yi_main.lot)
\tf@lot=\write5
\openout5 = `yi_main.lot'.


[10] (./chapter1.tex
Chapter 1.
[1


] [2] [3] [4] [5] [6] [7]) (./chapter2.tex [8]
Chapter 2.
[9


] [10] [11] [12] [13] [14] [15] [16] [17] [18] [19]) (./chapter3.tex [20]
Chapter 3.
[21


] [22] [23] [24] [25] [26] [27] [28]) (./chapter4.tex [29] [30]
Chapter 4.
[31


] [32] [33]
Overfull \hbox (12.27255pt too wide) in paragraph at lines 63--64
[]\OT1/cmr/m/n/12 With the given as-sump-tions, ac-cord-ing to the po-lar-iz-ab
il-ity given by Eq. (2.38[]),
 []

[34] [35] [36] [37] [38] [39] [40] [41]
Overfull \hbox (36.57008pt too wide) in paragraph at lines 220--222
\OT1/cmr/m/n/12 The an-gu-lar dis-tri-bu-tion of the ra-di-a-tion, nor-mal-ized
 in such a way that $[][] \OML/cmm/m/it/12 d^^R  [] ^^RP\OT1/cmr/m/n/12 (\OML/c
mm/m/it/12 ^^R\OT1/cmr/m/n/12 ) =
 []


LaTeX Warning: Reference `DipoleRadiations' on page 42 undefined on input line 
226.

<two_atoms.pdf, id=189, 1822.81pt x 790.955pt>
File: two_atoms.pdf Graphic file (type pdf)
 <use two_atoms.pdf>
Package pdftex.def Info: two_atoms.pdf used on input line 230.
(pdftex.def)             Requested size: 332.44325pt x 144.24852pt.
 [42]
[43 <./two_atoms.pdf>] [44] [45] [46] [47] [48] [49] [50]
<angular.pdf, id=225, 375.4025pt x 248.93pt>
File: angular.pdf Graphic file (type pdf)
 <use angular.pdf>
Package pdftex.def Info: angular.pdf used on input line 367.
(pdftex.def)             Requested size: 415.55249pt x 275.57108pt.


LaTeX Warning: `!h' float specifier changed to `!ht'.

[51] [52 <./angular.pdf>] <Pc_Pi.pdf, id=236, 1272.755pt x 778.91pt>
File: Pc_Pi.pdf Graphic file (type pdf)

<use Pc_Pi.pdf>
Package pdftex.def Info: Pc_Pi.pdf used on input line 390.
(pdftex.def)             Requested size: 415.55249pt x 254.3075pt.
 [53 <./Pc_Pi.pdf>] [54]
Overfull \hbox (14.66257pt too wide) in paragraph at lines 425--426
[]\OT1/cmr/m/n/12 The ra-dius of the cir-cu-lar disk in our nu-mer-i-cal ex-per
-i-ments is $\OML/cmm/m/it/12 R \OT1/cmr/m/n/12 = []\OML/cmm/m/it/12 k[]$\OT1/c
mr/m/n/12 ,
 []

[55] <homo_D.pdf, id=251, 1562.83875pt x 937.5025pt>
File: homo_D.pdf Graphic file (type pdf)
 <use homo_D.pdf>
Package pdftex.def Info: homo_D.pdf used on input line 434.
(pdftex.def)             Requested size: 415.55249pt x 249.28098pt.


LaTeX Warning: `!h' float specifier changed to `!ht'.

[56] [57 <./homo_D.pdf>] <inhomo_D.pdf, id=262, 1609.01125pt x 954.56625pt>
File: inhomo_D.pdf Graphic file (type pdf)

<use inhomo_D.pdf>
Package pdftex.def Info: inhomo_D.pdf used on input line 448.
(pdftex.def)             Requested size: 415.55249pt x 246.5209pt.
 [58 <./inhomo_D.pdf>]
<CLS_static.pdf, id=270, 1446.40375pt x 965.6075pt>
File: CLS_static.pdf Graphic file (type pdf)
 <use CLS_static.pdf>
Package pdftex.def Info: CLS_static.pdf used on input line 461.
(pdftex.def)             Requested size: 415.55249pt x 277.41109pt.


LaTeX Warning: `!h' float specifier changed to `!ht'.

[59] [60 <./CLS_static.pdf>] [61]) (./chapter5.tex [62]
Chapter 5.

Overfull \hbox (8.3948pt too wide) in paragraph at lines 4--5
[]\OT1/cmr/m/n/12 Subsequent to the sim-u-la-tions on in-homone-neous broad-ene
d sta-tion-ary atomic
 []

[63


] [64] [65] [66] [67] [68]
Overfull \hbox (1.73239pt too wide) in paragraph at lines 111--112
[]\OT1/cmr/m/n/12 Between the two bases, the dipole mo-ment still evolves ac-co
rd-ing to Eq. (5.6[]).
 []

[69]
LaTeX Font Info:    Try loading font information for U+euf on input line 146.
 (/usr/local/texlive/2015/texmf-dist/tex/latex/amsfonts/ueuf.fd
File: ueuf.fd 2013/01/14 v3.01 Euler Fraktur
) [70]
<single_atom.pdf, id=313, 1109.14375pt x 769.87625pt>
File: single_atom.pdf Graphic file (type pdf)
 <use single_atom.pdf>
Package pdftex.def Info: single_atom.pdf used on input line 174.
(pdftex.def)             Requested size: 415.55249pt x 288.44444pt.

[71] [72 <./single_atom.pdf>] [73]
<COLLISION.pdf, id=365, 1110.1475pt x 772.8875pt>
File: COLLISION.pdf Graphic file (type pdf)
 <use COLLISION.pdf>
Package pdftex.def Info: COLLISION.pdf used on input line 219.
(pdftex.def)             Requested size: 415.55249pt x 289.31319pt.


LaTeX Warning: `!h' float specifier changed to `!ht'.

[74]

LaTeX Warning: Text page 75 contains only floats.

[75 <./COLLISION.pdf>] [76] [77] <CLS.pdf, id=414, 1112.155pt x 778.91pt>
File: CLS.pdf Graphic file (type pdf)

<use CLS.pdf>
Package pdftex.def Info: CLS.pdf used on input line 253.
(pdftex.def)             Requested size: 415.55249pt x 291.03275pt.


LaTeX Warning: `!h' float specifier changed to `!ht'.

<DICKE.pdf, id=415, 1110.1475pt x 778.91pt>
File: DICKE.pdf Graphic file (type pdf)
 <use DICKE.pdf>
Package pdftex.def Info: DICKE.pdf used on input line 269.
(pdftex.def)             Requested size: 415.55249pt x 291.56758pt.
 [78]

LaTeX Warning: `!h' float specifier changed to `!ht'.

[79 <./CLS.pdf>] [80 <./DICKE.pdf>]
<FWHM.pdf, id=482, 1086.0575pt x 767.86874pt>
File: FWHM.pdf Graphic file (type pdf)
 <use FWHM.pdf>
Package pdftex.def Info: FWHM.pdf used on input line 281.
(pdftex.def)             Requested size: 415.55249pt x 293.80843pt.
 [81 <./FWHM.pdf>]) (./chapter6.tex [82]
Chapter 6.
[83


]) (./yi_main.bbl [84] [85


]
Missing character: There is no Ä in font cmr12!
Missing character: There is no ­ in font cmr12!
 [86]) [87] (./yi_main.aux)

LaTeX Warning: There were undefined references.

 )
(\end occurred when \iffalse on line 83 was incomplete) 
Here is how much of TeX's memory you used:
 2386 strings out of 493089
 32177 string characters out of 6134842
 92583 words of memory out of 5000000
 5793 multiletter control sequences out of 15000+600000
 14528 words of font info for 53 fonts, out of 8000000 for 9000
 1141 hyphenation exceptions out of 8191
 42i,12n,26p,1423b,257s stack positions out of 5000i,500n,10000p,200000b,80000s
</usr/local/texlive/2015
/texmf-dist/fonts/type1/public/amsfonts/cm/cmbsy10.pfb></usr/local/texlive/2015
/texmf-dist/fonts/type1/public/amsfonts/cmextra/cmbsy8.pfb></usr/local/texlive/
2015/texmf-dist/fonts/type1/public/amsfonts/cm/cmbx12.pfb></usr/local/texlive/2
015/texmf-dist/fonts/type1/public/amsfonts/cm/cmbx6.pfb></usr/local/texlive/201
5/texmf-dist/fonts/type1/public/amsfonts/cm/cmbx8.pfb></usr/local/texlive/2015/
texmf-dist/fonts/type1/public/amsfonts/cm/cmcsc10.pfb></usr/local/texlive/2015/
texmf-dist/fonts/type1/public/amsfonts/cm/cmex10.pfb></usr/local/texlive/2015/t
exmf-dist/fonts/type1/public/amsfonts/cm/cmmi12.pfb></usr/local/texlive/2015/te
xmf-dist/fonts/type1/public/amsfonts/cm/cmmi6.pfb></usr/local/texlive/2015/texm
f-dist/fonts/type1/public/amsfonts/cm/cmmi8.pfb></usr/local/texlive/2015/texmf-
dist/fonts/type1/public/amsfonts/cm/cmr12.pfb></usr/local/texlive/2015/texmf-di
st/fonts/type1/public/amsfonts/cm/cmr6.pfb></usr/local/texlive/2015/texmf-dist/
fonts/type1/public/amsfonts/cm/cmr8.pfb></usr/local/texlive/2015/texmf-dist/fon
ts/type1/public/amsfonts/cm/cmss12.pfb></usr/local/texlive/2015/texmf-dist/font
s/type1/public/amsfonts/cm/cmss8.pfb></usr/local/texlive/2015/texmf-dist/fonts/
type1/public/amsfonts/cm/cmsy10.pfb></usr/local/texlive/2015/texmf-dist/fonts/t
ype1/public/amsfonts/cm/cmsy6.pfb></usr/local/texlive/2015/texmf-dist/fonts/typ
e1/public/amsfonts/cm/cmsy8.pfb></usr/local/texlive/2015/texmf-dist/fonts/type1
/public/amsfonts/cm/cmti12.pfb></usr/local/texlive/2015/texmf-dist/fonts/type1/
public/amsfonts/euler/eufm10.pfb></usr/local/texlive/2015/texmf-dist/fonts/type
1/public/amsfonts/symbols/msbm10.pfb>
Output written on yi_main.pdf (99 pages, 1078746 bytes).
PDF statistics:
 609 PDF objects out of 1000 (max. 8388607)
 327 compressed objects within 4 object streams
 0 named destinations out of 1000 (max. 500000)
 56 words of extra memory for PDF output out of 10000 (max. 10000000)

