This is pdfTeX, Version 3.1415926-1.40.10 (TeX Live 2009) (format=pdflatex 2010.2.19)  14 FEB 2016 13:58
entering extended mode
 \write18 enabled.
 file:line:error style messages enabled.
 %&-line parsing enabled.
**yi_main_r1.tex
(./yi_main_r1.tex
LaTeX2e <2009/09/24>
Babel <v3.8l> and hyphenation patterns for english, usenglishmax, dumylang, noh
yphenation, german-x-2009-06-19, ngerman-x-2009-06-19, ancientgreek, ibycus, ar
abic, basque, bulgarian, catalan, pinyin, coptic, croatian, czech, danish, dutc
h, esperanto, estonian, farsi, finnish, french, galician, german, ngerman, mono
greek, greek, hungarian, icelandic, indonesian, interlingua, irish, italian, ku
rmanji, latin, latvian, lithuanian, mongolian, mongolian2a, bokmal, nynorsk, po
lish, portuguese, romanian, russian, sanskrit, serbian, slovak, slovenian, span
ish, swedish, turkish, ukenglish, ukrainian, uppersorbian, welsh, loaded.
(./uconnthesis.cls
Document Class: uconnthesis 2002/01/09 v1.1 Standard LaTeX document class for t
he graduate students of UCONN.
\hours=\count79
\minutes=\count80
\WidestRefLabelThusFar=\dimen102
(/usr/local/texlive/2009/texmf-dist/tex/latex/base/bk12.clo
File: bk12.clo 2007/10/19 v1.4h Standard LaTeX file (size option)
)
\c@part=\count81
\c@chapter=\count82
\c@section=\count83
\c@subsection=\count84
\c@subsubsection=\count85
\c@paragraph=\count86
\c@subparagraph=\count87
\beforechaptervspace=\skip41
\afterchaptervspace=\skip42
\exampleindent=\skip43
\c@figure=\count88
\c@table=\count89
\abovecaptionskip=\skip44
\belowcaptionskip=\skip45
\bibindent=\dimen103
)
(/usr/local/texlive/2009/texmf-dist/tex/latex/graphics/graphicx.sty
Package: graphicx 1999/02/16 v1.0f Enhanced LaTeX Graphics (DPC,SPQR)

(/usr/local/texlive/2009/texmf-dist/tex/latex/graphics/keyval.sty
Package: keyval 1999/03/16 v1.13 key=value parser (DPC)
\KV@toks@=\toks14
)
(/usr/local/texlive/2009/texmf-dist/tex/latex/graphics/graphics.sty
Package: graphics 2009/02/05 v1.0o Standard LaTeX Graphics (DPC,SPQR)

(/usr/local/texlive/2009/texmf-dist/tex/latex/graphics/trig.sty
Package: trig 1999/03/16 v1.09 sin cos tan (DPC)
)
(/usr/local/texlive/2009/texmf-dist/tex/latex/latexconfig/graphics.cfg
File: graphics.cfg 2009/08/28 v1.8 graphics configuration of TeX Live
)
Package graphics Info: Driver file: pdftex.def on input line 91.

(/usr/local/texlive/2009/texmf-dist/tex/latex/pdftex-def/pdftex.def
File: pdftex.def 2010/02/14 v0.04n Graphics/color for pdfTeX
\Gread@gobject=\count90
))
\Gin@req@height=\dimen104
\Gin@req@width=\dimen105
)
(/usr/local/texlive/2009/texmf-dist/tex/latex/subeqnarray/subeqnarray.sty
Package: subeqnarray 2004/04/15 v2.1c subeqnarray package
\c@subequation=\count91
)
(/usr/local/texlive/2009/texmf-dist/tex/latex/ltxmisc/cases.sty
Package: cases 2002/05/02 ver 2.5 
)
(/usr/local/texlive/2009/texmf-dist/tex/latex/tools/bm.sty
Package: bm 2004/02/26 v1.1c Bold Symbol Support (DPC/FMi)
\symboldoperators=\mathgroup4
\symboldletters=\mathgroup5
\symboldsymbols=\mathgroup6
LaTeX Font Info:    Redeclaring math alphabet \mathbf on input line 138.
LaTeX Info: Redefining \bm on input line 204.
)
(/usr/local/texlive/2009/texmf-dist/tex/latex/amsfonts/amssymb.sty
Package: amssymb 2009/06/22 v3.00

(/usr/local/texlive/2009/texmf-dist/tex/latex/amsfonts/amsfonts.sty
Package: amsfonts 2009/06/22 v3.00 Basic AMSFonts support
\@emptytoks=\toks15
\symAMSa=\mathgroup7
\symAMSb=\mathgroup8
LaTeX Font Info:    Overwriting math alphabet `\mathfrak' in version `bold'
(Font)                  U/euf/m/n --> U/euf/b/n on input line 96.
))
(/usr/local/texlive/2009/texmf-dist/tex/latex/oberdiek/epstopdf.sty
Package: epstopdf 2010/02/09 v2.5 Conversion with epstopdf on the fly (HO)

(/usr/local/texlive/2009/texmf-dist/tex/latex/oberdiek/epstopdf-base.sty
Package: epstopdf-base 2010/02/09 v2.5 Base part for package epstopdf

(/usr/local/texlive/2009/texmf-dist/tex/generic/oberdiek/infwarerr.sty
Package: infwarerr 2007/09/09 v1.2 Providing info/warning/message (HO)
)
(/usr/local/texlive/2009/texmf-dist/tex/latex/oberdiek/grfext.sty
Package: grfext 2007/09/30 v1.0 Managing graphics extensions (HO)
)
(/usr/local/texlive/2009/texmf-dist/tex/latex/oberdiek/kvoptions.sty
Package: kvoptions 2009/12/08 v3.6 Keyval support for LaTeX options (HO)

(/usr/local/texlive/2009/texmf-dist/tex/generic/oberdiek/kvsetkeys.sty
Package: kvsetkeys 2010/01/28 v1.8 Key value parser (HO)

(/usr/local/texlive/2009/texmf-dist/tex/generic/oberdiek/etexcmds.sty
Package: etexcmds 2010/01/28 v1.3 Prefix for e-TeX command names (HO)
Package etexcmds Info: Could not find \expanded.
(etexcmds)             That can mean that you are not using pdfTeX 1.50 or
(etexcmds)             that some package has redefined \expanded.
(etexcmds)             In the latter case, load this package earlier.
)))
(/usr/local/texlive/2009/texmf-dist/tex/generic/oberdiek/pdftexcmds.sty
Package: pdftexcmds 2009/12/12 v0.7 Utility functions of pdfTeX for LuaTeX (HO)


(/usr/local/texlive/2009/texmf-dist/tex/generic/oberdiek/ifluatex.sty
Package: ifluatex 2009/04/17 v1.2 Provides the ifluatex switch (HO)
Package ifluatex Info: LuaTeX not detected.
)
(/usr/local/texlive/2009/texmf-dist/tex/generic/oberdiek/ltxcmds.sty
Package: ltxcmds 2010/01/28 v1.2 LaTeX kernel commands for general use (HO)
)
Package pdftexcmds Info: LuaTeX not detected.
Package pdftexcmds Info: \pdf@primitive is available.
Package pdftexcmds Info: \pdf@ifprimitive is available.
)
Package grfext Info: Graphics extension search list:
(grfext)             [.png,.pdf,.jpg,.mps,.jpeg,.jbig2,.jb2,.PNG,.PDF,.JPG,.JPE
G,.JBIG2,.JB2,.eps]
(grfext)             \AppendGraphicsExtensions on input line 436.

(/usr/local/texlive/2009/texmf-dist/tex/latex/latexconfig/epstopdf-sys.cfg
File: epstopdf-sys.cfg 2009/10/26 v1.1 Configuration of epstopdf for TeX Live
)))
(./yi_main_r1.aux)
\openout1 = `yi_main_r1.aux'.

LaTeX Font Info:    Checking defaults for OML/cmm/m/it on input line 52.
LaTeX Font Info:    ... okay on input line 52.
LaTeX Font Info:    Checking defaults for T1/cmr/m/n on input line 52.
LaTeX Font Info:    ... okay on input line 52.
LaTeX Font Info:    Checking defaults for OT1/cmr/m/n on input line 52.
LaTeX Font Info:    ... okay on input line 52.
LaTeX Font Info:    Checking defaults for OMS/cmsy/m/n on input line 52.
LaTeX Font Info:    ... okay on input line 52.
LaTeX Font Info:    Checking defaults for OMX/cmex/m/n on input line 52.
LaTeX Font Info:    ... okay on input line 52.
LaTeX Font Info:    Checking defaults for U/cmr/m/n on input line 52.
LaTeX Font Info:    ... okay on input line 52.

(/usr/local/texlive/2009/texmf-dist/tex/context/base/supp-pdf.mkii
[Loading MPS to PDF converter (version 2006.09.02).]
\scratchcounter=\count92
\scratchdimen=\dimen106
\scratchbox=\box26
\nofMPsegments=\count93
\nofMParguments=\count94
\everyMPshowfont=\toks16
\MPscratchCnt=\count95
\MPscratchDim=\dimen107
\MPnumerator=\count96
\everyMPtoPDFconversion=\toks17
)
LaTeX Font Info:    Try loading font information for U+msa on input line 79.
 (/usr/local/texlive/2009/texmf-dist/tex/latex/amsfonts/umsa.fd
File: umsa.fd 2009/06/22 v3.00 AMS symbols A
)
LaTeX Font Info:    Try loading font information for U+msb on input line 79.

(/usr/local/texlive/2009/texmf-dist/tex/latex/amsfonts/umsb.fd
File: umsb.fd 2009/06/22 v3.00 AMS symbols B
) [1

{/usr/local/texlive/2009/texmf-var/fonts/map/pdftex/updmap/pdftex.map}] [2] [3]
 [2] [3]
[4] (./yi_main_r1.toc [5])
\tf@toc=\write3
\openout3 = `yi_main_r1.toc'.

 [6] (./yi_main_r1.lof [7] [8] [9])
\tf@lof=\write4
\openout4 = `yi_main_r1.lof'.

 [10]
(./yi_main_r1.lot)
\tf@lot=\write5
\openout5 = `yi_main_r1.lot'.

 [11] (./chapter1_r1.tex
Chapter 1.
[1


] [2] [3] [4] [5] [6] [7]) (./chapter2_r1.tex [8]
Chapter 2.
[9


] [10] [11] [12] [13] [14] [15] [16] [17] [18] [19] [20]) (./chapter3_r1.tex
[21]
Chapter 3.
[22


] [23] [24] [25] [26] [27] [28] [29] [30]) (./chapter4_r1.tex [31]
Chapter 4.
[32


] [33] [34]
Overfull \hbox (12.27255pt too wide) in paragraph at lines 65--66
[]\OT1/cmr/m/n/12 With the given as-sump-tions, ac-cord-ing to the po-lar-iz-ab
il-ity given by Eq. (2.41[]),
 []

[35] [36] [37] [38] [39] [40] [41] [42] [43]
Overfull \hbox (36.57008pt too wide) in paragraph at lines 229--231
\OT1/cmr/m/n/12 The an-gu-lar dis-tri-bu-tion of the ra-di-a-tion, nor-mal-ized
 in such a way that $[][] \OML/cmm/m/it/12 d^^R  [] ^^RP\OT1/cmr/m/n/12 (\OML/c
mm/m/it/12 ^^R\OT1/cmr/m/n/12 ) =
 []

[44] <two_atoms.pdf, id=202, 1822.81pt x 790.955pt>
File: two_atoms.pdf Graphic file (type pdf)
 <use two_atoms.pdf>
[45 <./two_atoms.pdf>] [46] [47] [48] [49]
Overfull \hbox (2.88654pt too wide) in paragraph at lines 305--307
\OT1/cmr/m/n/12 where $\OML/cmm/m/it/12 N$ \OT1/cmr/m/n/12 is the atom num-ber 
and $\OML/cmm/m/it/12 R$ \OT1/cmr/m/n/12 is the size scale of the sam-ple. The 
parametriza-
 []

[50] [51] [52] [53] <angular.pdf, id=236, 375.4025pt x 248.93pt>
File: angular.pdf Graphic file (type pdf)

<use angular.pdf>

LaTeX Warning: `!h' float specifier changed to `!ht'.

[54] <Pc_Pi.pdf, id=241, 1272.755pt x 778.91pt>
File: Pc_Pi.pdf Graphic file (type pdf)
 <use Pc_Pi.pdf> [55 <./angular.pdf>] [56 <./Pc_Pi.pdf>] [57] [58] [59] [60]
<homo_D.pdf, id=269, 1562.83875pt x 937.5025pt>
File: homo_D.pdf Graphic file (type pdf)
 <use homo_D.pdf> [61 <./homo_D.pdf>] <inhomo_D.pdf, id=277, 1609.01125pt x 954
.56625pt>
File: inhomo_D.pdf Graphic file (type pdf)
 <use inhomo_D.pdf>

LaTeX Warning: `!h' float specifier changed to `!ht'.

[62] [63 <./inhomo_D.pdf>] <CLS_static.pdf, id=288, 1446.40375pt x 965.6075pt>
File: CLS_static.pdf Graphic file (type pdf)

<use CLS_static.pdf> [64 <./CLS_static.pdf>]
Overfull \hbox (4.64406pt too wide) in paragraph at lines 505--506
[]\OT1/cmr/m/n/12 The sec-ond line shows the first three terms of the ex-pan-si
on of $(1 \OMS/cmsy/m/n/12 ^^@ \OML/cmm/m/it/12 [][]\OT1/cmss/m/n/12 GG\OT1/c
mr/m/n/12 )[]$,
 []

[65] [66]) (./chapter5_r1.tex [67]
Chapter 5.
[68


] [69] [70] [71] [72] [73] [74] [75]
LaTeX Font Info:    Try loading font information for U+euf on input line 136.

(/usr/local/texlive/2009/texmf-dist/tex/latex/amsfonts/ueuf.fd
File: ueuf.fd 2009/06/22 v3.00 Euler Fraktur
) [76]
<single_atom.pdf, id=335, 1109.14375pt x 769.87625pt>
File: single_atom.pdf Graphic file (type pdf)
 <use single_atom.pdf>

LaTeX Warning: `!h' float specifier changed to `!ht'.

[77]

LaTeX Warning: Text page 78 contains only floats.

[78 <./single_atom.pdf>] [79]

pdfTeX warning: /usr/texbin/pdflatex (file ./COLLISION.pdf): PDF inclusion: fou
nd PDF version <1.5>, but at most version <1.4> allowed
<COLLISION.pdf, id=386, 1110.1475pt x 772.8875pt>
File: COLLISION.pdf Graphic file (type pdf)
 <use COLLISION.pdf>

LaTeX Warning: `!h' float specifier changed to `!ht'.

[80]

LaTeX Warning: Text page 81 contains only floats.

[81 <./COLLISION.pdf>] [82] [83] [84] <CLS.pdf, id=425, 1112.155pt x 778.91pt>
File: CLS.pdf Graphic file (type pdf)

<use CLS.pdf>

LaTeX Warning: `!h' float specifier changed to `!ht'.

<DICKE.pdf, id=426, 1110.1475pt x 778.91pt>
File: DICKE.pdf Graphic file (type pdf)
 <use DICKE.pdf>

LaTeX Warning: `!h' float specifier changed to `!ht'.

[85] [86 <./CLS.pdf>] [87 <./DICKE.pdf>]
<FWHM.pdf, id=492, 1086.0575pt x 767.86874pt>
File: FWHM.pdf Graphic file (type pdf)
 <use FWHM.pdf>)
(./chapter6_r1.tex [88 <./FWHM.pdf>] [89]
Chapter 6.
[90


]) (./yi_main_r1.bbl [91] [92


] [93]) [94] (./yi_main_r1.aux) )
(\end occurred when \iffalse on line 85 was incomplete) 
Here is how much of TeX's memory you used:
 2191 strings out of 493848
 29070 string characters out of 3149207
 80786 words of memory out of 3000000
 5386 multiletter control sequences out of 15000+200000
 18984 words of font info for 70 fonts, out of 3000000 for 9000
 714 hyphenation exceptions out of 8191
 41i,13n,24p,1513b,247s stack positions out of 5000i,500n,10000p,200000b,50000s
</usr/local/texlive/2009
/texmf-dist/fonts/type1/public/amsfonts/cm/cmbsy10.pfb></usr/local/texlive/2009
/texmf-dist/fonts/type1/public/amsfonts/cm/cmbx12.pfb></usr/local/texlive/2009/
texmf-dist/fonts/type1/public/amsfonts/cm/cmbx6.pfb></usr/local/texlive/2009/te
xmf-dist/fonts/type1/public/amsfonts/cm/cmbx8.pfb></usr/local/texlive/2009/texm
f-dist/fonts/type1/public/amsfonts/cm/cmcsc10.pfb></usr/local/texlive/2009/texm
f-dist/fonts/type1/public/amsfonts/cm/cmex10.pfb></usr/local/texlive/2009/texmf
-dist/fonts/type1/public/amsfonts/cm/cmmi12.pfb></usr/local/texlive/2009/texmf-
dist/fonts/type1/public/amsfonts/cm/cmmi6.pfb></usr/local/texlive/2009/texmf-di
st/fonts/type1/public/amsfonts/cm/cmmi8.pfb></usr/local/texlive/2009/texmf-dist
/fonts/type1/public/amsfonts/cm/cmr10.pfb></usr/local/texlive/2009/texmf-dist/f
onts/type1/public/amsfonts/cm/cmr12.pfb></usr/local/texlive/2009/texmf-dist/fon
ts/type1/public/amsfonts/cm/cmr6.pfb></usr/local/texlive/2009/texmf-dist/fonts/
type1/public/amsfonts/cm/cmr7.pfb></usr/local/texlive/2009/texmf-dist/fonts/typ
e1/public/amsfonts/cm/cmr8.pfb></usr/local/texlive/2009/texmf-dist/fonts/type1/
public/amsfonts/cm/cmss12.pfb></usr/local/texlive/2009/texmf-dist/fonts/type1/p
ublic/amsfonts/cm/cmss8.pfb></usr/local/texlive/2009/texmf-dist/fonts/type1/pub
lic/amsfonts/cm/cmsy10.pfb></usr/local/texlive/2009/texmf-dist/fonts/type1/publ
ic/amsfonts/cm/cmsy6.pfb></usr/local/texlive/2009/texmf-dist/fonts/type1/public
/amsfonts/cm/cmsy8.pfb></usr/local/texlive/2009/texmf-dist/fonts/type1/public/a
msfonts/cm/cmti12.pfb></usr/local/texlive/2009/texmf-dist/fonts/type1/public/am
sfonts/euler/eufm10.pfb></usr/local/texlive/2009/texmf-dist/fonts/type1/public/
amsfonts/symbols/msbm10.pfb>
Output written on yi_main_r1.pdf (107 pages, 1253420 bytes).
PDF statistics:
 620 PDF objects out of 1000 (max. 8388607)
 0 named destinations out of 1000 (max. 500000)
 56 words of extra memory for PDF output out of 10000 (max. 10000000)

